#
# There is insufficient memory for the Java Runtime Environment to continue.
# Native memory allocation (malloc) failed to allocate 952096 bytes for Chunk::new
# Possible reasons:
#   The system is out of physical RAM or swap space
#   In 32 bit mode, the process size limit was hit
# Possible solutions:
#   Reduce memory load on the system
#   Increase physical memory or swap space
#   Check if swap backing store is full
#   Use 64 bit Java on a 64 bit OS
#   Decrease Java heap size (-Xmx/-Xms)
#   Decrease number of Java threads
#   Decrease Java thread stack sizes (-Xss)
#   Set larger code cache with -XX:ReservedCodeCacheSize=
# This output file may be truncated or incomplete.
#
#  Out of Memory Error (allocation.cpp:390), pid=25444, tid=0x0000000000007f54
#
# JRE version: Java(TM) SE Runtime Environment (8.0_121-b13) (build 1.8.0_121-b13)
# Java VM: Java HotSpot(TM) 64-Bit Server VM (25.121-b13 mixed mode windows-amd64 compressed oops)
# Failed to write core dump. Minidumps are not enabled by default on client versions of Windows
#

---------------  T H R E A D  ---------------

Current thread (0x000000001967f800):  JavaThread "C2 CompilerThread1" daemon [_thread_in_native, id=32596, stack(0x0000000019f40000,0x000000001a040000)]

Stack: [0x0000000019f40000,0x000000001a040000]
[error occurred during error reporting (printing stack bounds), id 0xc0000005]

Native frames: (J=compiled Java code, j=interpreted, Vv=VM code, C=native code)


Current CompileTask:
C2:  15470 4921   !   4       org.springframework.core.annotation.AnnotationUtils::getAnnotatedMethodsInBaseType (163 bytes)


---------------  P R O C E S S  ---------------

Java Threads: ( => current thread )
  0x0000000019692000 JavaThread "SimplePauseDetectorThread_0" daemon [_thread_blocked, id=28452, stack(0x0000000023010000,0x0000000023110000)]
  0x000000001968b000 JavaThread "Thread-2" daemon [_thread_blocked, id=27736, stack(0x0000000022f10000,0x0000000023010000)]
  0x000000001f01d800 JavaThread "HikariPool-1 housekeeper" daemon [_thread_blocked, id=2164, stack(0x000000001da90000,0x000000001db90000)]
  0x000000001985a800 JavaThread "surefire-forkedjvm-ping-30s" daemon [_thread_in_native, id=19852, stack(0x000000001a540000,0x000000001a640000)]
  0x0000000019840800 JavaThread "surefire-forkedjvm-command-thread" daemon [_thread_in_native, id=23820, stack(0x000000001a440000,0x000000001a540000)]
  0x00000000196b0000 JavaThread "Service Thread" daemon [_thread_blocked, id=13960, stack(0x000000001a240000,0x000000001a340000)]
  0x000000001968e800 JavaThread "C1 CompilerThread3" daemon [_thread_blocked, id=25448, stack(0x000000001a140000,0x000000001a240000)]
  0x000000001776c000 JavaThread "C2 CompilerThread2" daemon [_thread_in_native, id=13428, stack(0x000000001a040000,0x000000001a140000)]
=>0x000000001967f800 JavaThread "C2 CompilerThread1" daemon [_thread_in_native, id=32596, stack(0x0000000019f40000,0x000000001a040000)]
  0x0000000019679800 JavaThread "C2 CompilerThread0" daemon [_thread_in_native, id=26448, stack(0x0000000019e40000,0x0000000019f40000)]
  0x0000000019677000 JavaThread "Attach Listener" daemon [_thread_blocked, id=30052, stack(0x0000000019d40000,0x0000000019e40000)]
  0x0000000019686000 JavaThread "Signal Dispatcher" daemon [_thread_blocked, id=12744, stack(0x0000000019c40000,0x0000000019d40000)]
  0x0000000019671000 JavaThread "Finalizer" daemon [_thread_blocked, id=5172, stack(0x0000000019a50000,0x0000000019b50000)]
  0x000000001775d000 JavaThread "Reference Handler" daemon [_thread_blocked, id=1352, stack(0x0000000019550000,0x0000000019650000)]
  0x00000000023e1000 JavaThread "main" [_thread_in_vm, id=15876, stack(0x0000000002740000,0x0000000002840000)]

Other Threads:
  0x0000000017759000 VMThread [stack: 0x0000000019450000,0x0000000019550000] [id=32488]
  0x00000000196b4000 WatcherThread [stack: 0x000000001a340000,0x000000001a440000] [id=11128]

VM state:not at safepoint (normal execution)

VM Mutex/Monitor currently owned by a thread: None

Heap:
 PSYoungGen      total 371712K, used 34114K [0x00000000d6100000, 0x00000000f5300000, 0x0000000100000000)
  eden space 351232K, 9% used [0x00000000d6100000,0x00000000d8250a38,0x00000000eb800000)
  from space 20480K, 0% used [0x00000000eb800000,0x00000000eb800000,0x00000000ecc00000)
  to   space 20992K, 0% used [0x00000000f3e80000,0x00000000f3e80000,0x00000000f5300000)
 ParOldGen       total 79872K, used 27883K [0x0000000082200000, 0x0000000087000000, 0x00000000d6100000)
  object space 79872K, 34% used [0x0000000082200000,0x0000000083d3ae18,0x0000000087000000)
 Metaspace       used 58578K, capacity 60976K, committed 61272K, reserved 1101824K
  class space    used 8042K, capacity 8489K, committed 8576K, reserved 1048576K

Card table byte_map: [0x0000000011c00000,0x0000000011ff0000] byte_map_base: 0x00000000117ef000

Marking Bits: (ParMarkBitMap*) 0x00000000553db6d0
 Begin Bits: [0x0000000012a90000, 0x0000000014a08000)
 End Bits:   [0x0000000014a08000, 0x0000000016980000)

Polling page: 0x00000000006d0000

CodeCache: size=245760Kb used=17185Kb max_used=17423Kb free=228574Kb
 bounds [0x0000000002840000, 0x0000000003960000, 0x0000000011840000]
 total_blobs=4972 nmethods=4421 adapters=462
 compilation: enabled

Compilation events (10 events):
Event: 15.271 Thread 0x000000001968e800 5071       3       java.lang.invoke.LambdaFormEditor$Transform::equals (32 bytes)
Event: 15.272 Thread 0x000000001968e800 nmethod 5071 0x0000000003363210 code [0x0000000003363380, 0x00000000033635a8]
Event: 15.272 Thread 0x000000001968e800 5072       3       java.util.SubList$1::hasNext (20 bytes)
Event: 15.272 Thread 0x000000001968e800 nmethod 5072 0x00000000029a0850 code [0x00000000029a09c0, 0x00000000029a0ce8]
Event: 15.273 Thread 0x000000001968e800 5073       3       java.util.SubList$1::nextIndex (18 bytes)
Event: 15.273 Thread 0x000000001968e800 nmethod 5073 0x000000000295ea10 code [0x000000000295eb80, 0x000000000295edc8]
Event: 15.273 Thread 0x000000001968e800 5074       3       java.lang.invoke.BoundMethodHandle$Species_L::make (11 bytes)
Event: 15.273 Thread 0x000000001968e800 nmethod 5074 0x0000000002a15e10 code [0x0000000002a15f80, 0x0000000002a161e8]
Event: 15.422 Thread 0x000000001968e800 5075       3       java.util.StringTokenizer::scanToken (179 bytes)
Event: 15.423 Thread 0x000000001968e800 nmethod 5075 0x0000000002b1d3d0 code [0x0000000002b1d640, 0x0000000002b1e9b8]

GC Heap History (10 events):
Event: 6.644 GC heap before
{Heap before GC invocations=8 (full 1):
 PSYoungGen      total 229376K, used 89781K [0x00000000d6100000, 0x00000000e7400000, 0x0000000100000000)
  eden space 219648K, 36% used [0x00000000d6100000,0x00000000daf351e8,0x00000000e3780000)
  from space 9728K, 99% used [0x00000000e6a80000,0x00000000e73f85d0,0x00000000e7400000)
  to   space 13824K, 0% used [0x00000000e5900000,0x00000000e5900000,0x00000000e6680000)
 ParOldGen       total 53248K, used 11311K [0x0000000082200000, 0x0000000085600000, 0x00000000d6100000)
  object space 53248K, 21% used [0x0000000082200000,0x0000000082d0bee8,0x0000000085600000)
 Metaspace       used 33965K, capacity 35326K, committed 35416K, reserved 1079296K
  class space    used 4395K, capacity 4700K, committed 4736K, reserved 1048576K
Event: 6.661 GC heap after
Heap after GC invocations=8 (full 1):
 PSYoungGen      total 267776K, used 12107K [0x00000000d6100000, 0x00000000edb00000, 0x0000000100000000)
  eden space 253952K, 0% used [0x00000000d6100000,0x00000000d6100000,0x00000000e5900000)
  from space 13824K, 87% used [0x00000000e5900000,0x00000000e64d2d98,0x00000000e6680000)
  to   space 15360K, 0% used [0x00000000ecc00000,0x00000000ecc00000,0x00000000edb00000)
 ParOldGen       total 53248K, used 11319K [0x0000000082200000, 0x0000000085600000, 0x00000000d6100000)
  object space 53248K, 21% used [0x0000000082200000,0x0000000082d0dee8,0x0000000085600000)
 Metaspace       used 33965K, capacity 35326K, committed 35416K, reserved 1079296K
  class space    used 4395K, capacity 4700K, committed 4736K, reserved 1048576K
}
Event: 6.662 GC heap before
{Heap before GC invocations=9 (full 2):
 PSYoungGen      total 267776K, used 12107K [0x00000000d6100000, 0x00000000edb00000, 0x0000000100000000)
  eden space 253952K, 0% used [0x00000000d6100000,0x00000000d6100000,0x00000000e5900000)
  from space 13824K, 87% used [0x00000000e5900000,0x00000000e64d2d98,0x00000000e6680000)
  to   space 15360K, 0% used [0x00000000ecc00000,0x00000000ecc00000,0x00000000edb00000)
 ParOldGen       total 53248K, used 11319K [0x0000000082200000, 0x0000000085600000, 0x00000000d6100000)
  object space 53248K, 21% used [0x0000000082200000,0x0000000082d0dee8,0x0000000085600000)
 Metaspace       used 33965K, capacity 35326K, committed 35416K, reserved 1079296K
  class space    used 4395K, capacity 4700K, committed 4736K, reserved 1048576K
Event: 6.740 GC heap after
Heap after GC invocations=9 (full 2):
 PSYoungGen      total 267776K, used 0K [0x00000000d6100000, 0x00000000edb00000, 0x0000000100000000)
  eden space 253952K, 0% used [0x00000000d6100000,0x00000000d6100000,0x00000000e5900000)
  from space 13824K, 0% used [0x00000000e5900000,0x00000000e5900000,0x00000000e6680000)
  to   space 15360K, 0% used [0x00000000ecc00000,0x00000000ecc00000,0x00000000edb00000)
 ParOldGen       total 79872K, used 16854K [0x0000000082200000, 0x0000000087000000, 0x00000000d6100000)
  object space 79872K, 21% used [0x0000000082200000,0x0000000083275840,0x0000000087000000)
 Metaspace       used 33965K, capacity 35326K, committed 35416K, reserved 1079296K
  class space    used 4395K, capacity 4700K, committed 4736K, reserved 1048576K
}
Event: 11.215 GC heap before
{Heap before GC invocations=10 (full 2):
 PSYoungGen      total 267776K, used 253952K [0x00000000d6100000, 0x00000000edb00000, 0x0000000100000000)
  eden space 253952K, 100% used [0x00000000d6100000,0x00000000e5900000,0x00000000e5900000)
  from space 13824K, 0% used [0x00000000e5900000,0x00000000e5900000,0x00000000e6680000)
  to   space 15360K, 0% used [0x00000000ecc00000,0x00000000ecc00000,0x00000000edb00000)
 ParOldGen       total 79872K, used 16854K [0x0000000082200000, 0x0000000087000000, 0x00000000d6100000)
  object space 79872K, 21% used [0x0000000082200000,0x0000000083275840,0x0000000087000000)
 Metaspace       used 52295K, capacity 53896K, committed 54104K, reserved 1095680K
  class space    used 7129K, capacity 7455K, committed 7552K, reserved 1048576K
Event: 11.258 GC heap after
Heap after GC invocations=10 (full 2):
 PSYoungGen      total 366592K, used 15335K [0x00000000d6100000, 0x00000000f1700000, 0x0000000100000000)
  eden space 351232K, 0% used [0x00000000d6100000,0x00000000d6100000,0x00000000eb800000)
  from space 15360K, 99% used [0x00000000ecc00000,0x00000000edaf9fe8,0x00000000edb00000)
  to   space 20480K, 0% used [0x00000000eb800000,0x00000000eb800000,0x00000000ecc00000)
 ParOldGen       total 79872K, used 23310K [0x0000000082200000, 0x0000000087000000, 0x00000000d6100000)
  object space 79872K, 29% used [0x0000000082200000,0x00000000838c3888,0x0000000087000000)
 Metaspace       used 52295K, capacity 53896K, committed 54104K, reserved 1095680K
  class space    used 7129K, capacity 7455K, committed 7552K, reserved 1048576K
}
Event: 14.805 GC heap before
{Heap before GC invocations=11 (full 2):
 PSYoungGen      total 366592K, used 262556K [0x00000000d6100000, 0x00000000f1700000, 0x0000000100000000)
  eden space 351232K, 70% used [0x00000000d6100000,0x00000000e526d1f8,0x00000000eb800000)
  from space 15360K, 99% used [0x00000000ecc00000,0x00000000edaf9fe8,0x00000000edb00000)
  to   space 20480K, 0% used [0x00000000eb800000,0x00000000eb800000,0x00000000ecc00000)
 ParOldGen       total 79872K, used 23310K [0x0000000082200000, 0x0000000087000000, 0x00000000d6100000)
  object space 79872K, 29% used [0x0000000082200000,0x00000000838c3888,0x0000000087000000)
 Metaspace       used 56632K, capacity 58924K, committed 59028K, reserved 1099776K
  class space    used 7773K, capacity 8179K, committed 8192K, reserved 1048576K
Event: 14.840 GC heap after
Heap after GC invocations=11 (full 2):
 PSYoungGen      total 371712K, used 14291K [0x00000000d6100000, 0x00000000f5300000, 0x0000000100000000)
  eden space 351232K, 0% used [0x00000000d6100000,0x00000000d6100000,0x00000000eb800000)
  from space 20480K, 69% used [0x00000000eb800000,0x00000000ec5f4e48,0x00000000ecc00000)
  to   space 20992K, 0% used [0x00000000f3e80000,0x00000000f3e80000,0x00000000f5300000)
 ParOldGen       total 79872K, used 23318K [0x0000000082200000, 0x0000000087000000, 0x00000000d6100000)
  object space 79872K, 29% used [0x0000000082200000,0x00000000838c5888,0x0000000087000000)
 Metaspace       used 56632K, capacity 58924K, committed 59028K, reserved 1099776K
  class space    used 7773K, capacity 8179K, committed 8192K, reserved 1048576K
}
Event: 14.840 GC heap before
{Heap before GC invocations=12 (full 3):
 PSYoungGen      total 371712K, used 14291K [0x00000000d6100000, 0x00000000f5300000, 0x0000000100000000)
  eden space 351232K, 0% used [0x00000000d6100000,0x00000000d6100000,0x00000000eb800000)
  from space 20480K, 69% used [0x00000000eb800000,0x00000000ec5f4e48,0x00000000ecc00000)
  to   space 20992K, 0% used [0x00000000f3e80000,0x00000000f3e80000,0x00000000f5300000)
 ParOldGen       total 79872K, used 23318K [0x0000000082200000, 0x0000000087000000, 0x00000000d6100000)
  object space 79872K, 29% used [0x0000000082200000,0x00000000838c5888,0x0000000087000000)
 Metaspace       used 56632K, capacity 58924K, committed 59028K, reserved 1099776K
  class space    used 7773K, capacity 8179K, committed 8192K, reserved 1048576K
Event: 15.104 GC heap after
Heap after GC invocations=12 (full 3):
 PSYoungGen      total 371712K, used 0K [0x00000000d6100000, 0x00000000f5300000, 0x0000000100000000)
  eden space 351232K, 0% used [0x00000000d6100000,0x00000000d6100000,0x00000000eb800000)
  from space 20480K, 0% used [0x00000000eb800000,0x00000000eb800000,0x00000000ecc00000)
  to   space 20992K, 0% used [0x00000000f3e80000,0x00000000f3e80000,0x00000000f5300000)
 ParOldGen       total 79872K, used 27883K [0x0000000082200000, 0x0000000087000000, 0x00000000d6100000)
  object space 79872K, 34% used [0x0000000082200000,0x0000000083d3ae18,0x0000000087000000)
 Metaspace       used 56632K, capacity 58924K, committed 59028K, reserved 1099776K
  class space    used 7773K, capacity 8179K, committed 8192K, reserved 1048576K
}

Deoptimization events (10 events):
Event: 14.718 Thread 0x00000000023e1000 Uncommon trap: reason=unstable_if action=reinterpret pc=0x00000000035a4e08 method=java.lang.Class.arrayContentsEq([Ljava/lang/Object;[Ljava/lang/Object;)Z @ 1
Event: 14.754 Thread 0x00000000023e1000 Uncommon trap: reason=unstable_if action=reinterpret pc=0x0000000002ebddfc method=java.lang.CharacterDataLatin1.isWhitespace(I)Z @ 14
Event: 14.755 Thread 0x00000000023e1000 Uncommon trap: reason=unstable_if action=reinterpret pc=0x0000000002b9687c method=java.lang.CharacterDataLatin1.isWhitespace(I)Z @ 14
Event: 14.767 Thread 0x00000000023e1000 Uncommon trap: reason=unstable_if action=reinterpret pc=0x0000000003325ee8 method=java.util.Properties.load0(Ljava/util/Properties$LineReader;)V @ 56
Event: 15.143 Thread 0x00000000023e1000 Uncommon trap: reason=unstable_if action=reinterpret pc=0x0000000003502810 method=java.lang.Class.arrayContentsEq([Ljava/lang/Object;[Ljava/lang/Object;)Z @ 1
Event: 15.178 Thread 0x00000000196b0000 Uncommon trap: reason=class_check action=maybe_recompile pc=0x0000000002ed8da0 method=java.util.AbstractCollection.containsAll(Ljava/util/Collection;)Z @ 1
Event: 15.178 Thread 0x00000000196b0000 Uncommon trap: reason=class_check action=maybe_recompile pc=0x0000000002ed8da0 method=java.util.AbstractCollection.containsAll(Ljava/util/Collection;)Z @ 1
Event: 15.178 Thread 0x00000000196b0000 Uncommon trap: reason=class_check action=maybe_recompile pc=0x0000000002ed8da0 method=java.util.AbstractCollection.containsAll(Ljava/util/Collection;)Z @ 1
Event: 15.178 Thread 0x00000000196b0000 Uncommon trap: reason=class_check action=maybe_recompile pc=0x0000000002ed8da0 method=java.util.AbstractCollection.containsAll(Ljava/util/Collection;)Z @ 1
Event: 15.422 Thread 0x00000000023e1000 Uncommon trap: reason=unstable_if action=reinterpret pc=0x0000000002d2c868 method=java.util.StringTokenizer.scanToken(I)I @ 96

Internal exceptions (10 events):
Event: 15.143 Thread 0x00000000023e1000 Implicit null exception at 0x000000000350278f to 0x00000000035027fd
Event: 15.203 Thread 0x00000000023e1000 Exception <a 'java/lang/NoClassDefFoundError': nu/xom/Document> (0x00000000d670ead8) thrown at [C:\re\workspace\8-2-build-windows-amd64-cygwin\jdk8u121\8372\hotspot\src\share\vm\classfile\systemDictionary.cpp, line 199]
Event: 15.204 Thread 0x00000000023e1000 Exception <a 'java/lang/NoClassDefFoundError': nu/xom/ParsingException> (0x00000000d6e0b018) thrown at [C:\re\workspace\8-2-build-windows-amd64-cygwin\jdk8u121\8372\hotspot\src\share\vm\classfile\systemDictionary.cpp, line 199]
Event: 15.212 Thread 0x00000000023e1000 Exception <a 'java/lang/ClassNotFoundException': java/lang/ObjectCustomizer> (0x00000000d6e8fd80) thrown at [C:\re\workspace\8-2-build-windows-amd64-cygwin\jdk8u121\8372\hotspot\src\share\vm\classfile\systemDictionary.cpp, line 210]
Event: 15.213 Thread 0x00000000023e1000 Exception <a 'java/lang/ClassNotFoundException': org/axonframework/serialization/AbstractXStreamSerializerCustomizer> (0x00000000d6ec0dc8) thrown at [C:\re\workspace\8-2-build-windows-amd64-cygwin\jdk8u121\8372\hotspot\src\share\vm\classfile\systemDiction
Event: 15.214 Thread 0x00000000023e1000 Exception <a 'java/lang/ClassNotFoundException': org/axonframework/serialization/xml/XStreamSerializerCustomizer> (0x00000000d6ef6600) thrown at [C:\re\workspace\8-2-build-windows-amd64-cygwin\jdk8u121\8372\hotspot\src\share\vm\classfile\systemDictionary.
Event: 15.215 Thread 0x00000000023e1000 Exception <a 'java/lang/ClassNotFoundException': org/axonframework/serialization/SerializerCustomizer> (0x00000000d6f22af0) thrown at [C:\re\workspace\8-2-build-windows-amd64-cygwin\jdk8u121\8372\hotspot\src\share\vm\classfile\systemDictionary.cpp, line 2
Event: 15.223 Thread 0x00000000023e1000 Exception <a 'java/lang/ClassNotFoundException': java/lang/ObjectCustomizer> (0x00000000d6f85a20) thrown at [C:\re\workspace\8-2-build-windows-amd64-cygwin\jdk8u121\8372\hotspot\src\share\vm\classfile\systemDictionary.cpp, line 210]
Event: 15.224 Thread 0x00000000023e1000 Exception <a 'java/lang/ClassNotFoundException': org/axonframework/eventhandling/tokenstore/jpa/JpaTokenStoreCustomizer> (0x00000000d6fb6150) thrown at [C:\re\workspace\8-2-build-windows-amd64-cygwin\jdk8u121\8372\hotspot\src\share\vm\classfile\systemDict
Event: 15.224 Thread 0x00000000023e1000 Exception <a 'java/lang/ClassNotFoundException': org/axonframework/eventhandling/tokenstore/TokenStoreCustomizer> (0x00000000d6fe8938) thrown at [C:\re\workspace\8-2-build-windows-amd64-cygwin\jdk8u121\8372\hotspot\src\share\vm\classfile\systemDictionary.

Events (10 events):
Event: 15.442 loading class org/hibernate/internal/CoreMessageLogger_$logger_en
Event: 15.442 loading class org/hibernate/internal/CoreMessageLogger_$logger_en done
Event: 15.443 loading class org/hibernate/hql/internal/ast/HqlParser
Event: 15.443 loading class org/hibernate/hql/internal/ast/HqlParser done
Event: 15.451 loading class org/hibernate/hql/internal/antlr/HqlBaseParser
Event: 15.451 loading class org/hibernate/hql/internal/antlr/HqlBaseParser done
Event: 15.463 loading class org/hibernate/hql/internal/antlr/HqlTokenTypes
Event: 15.463 loading class org/hibernate/hql/internal/antlr/HqlTokenTypes done
Event: 15.464 loading class antlr/LLkParser
Event: 15.464 loading class antlr/LLkParser done


Dynamic libraries:
0x00007ff79b100000 - 0x00007ff79b137000 	C:\Program Files\Java\jdk1.8.0_121\jre\bin\java.exe
0x00007ffa46a70000 - 0x00007ffa46c51000 	C:\Windows\SYSTEM32\ntdll.dll
0x00007ffa46390000 - 0x00007ffa46441000 	C:\Windows\System32\KERNEL32.DLL
0x00007ffa437d0000 - 0x00007ffa43a43000 	C:\Windows\System32\KERNELBASE.dll
0x00007ffa2ad10000 - 0x00007ffa2aec2000 	C:\Windows\system32\ctiuser.dll
0x00007ffa468b0000 - 0x00007ffa46951000 	C:\Windows\System32\ADVAPI32.dll
0x00007ffa46970000 - 0x00007ffa46a0e000 	C:\Windows\System32\msvcrt.dll
0x00007ffa44340000 - 0x00007ffa4439b000 	C:\Windows\System32\sechost.dll
0x00007ffa46640000 - 0x00007ffa46764000 	C:\Windows\System32\RPCRT4.dll
0x00007ffa461f0000 - 0x00007ffa46381000 	C:\Windows\System32\USER32.dll
0x00007ffa42ff0000 - 0x00007ffa43010000 	C:\Windows\System32\win32u.dll
0x00007ffa46a10000 - 0x00007ffa46a38000 	C:\Windows\System32\GDI32.dll
0x00007ffa43d40000 - 0x00007ffa43ed1000 	C:\Windows\System32\gdi32full.dll
0x00007ffa43a50000 - 0x00007ffa43aef000 	C:\Windows\System32\msvcp_win.dll
0x00007ffa42ef0000 - 0x00007ffa42fe8000 	C:\Windows\System32\ucrtbase.dll
0x00007ffa318b0000 - 0x00007ffa31b19000 	C:\Windows\WinSxS\amd64_microsoft.windows.common-controls_6595b64144ccf1df_6.0.17134.1130_none_d3ff42617c90becf\COMCTL32.dll
0x00007ffa443a0000 - 0x00007ffa446c1000 	C:\Windows\System32\combase.dll
0x00007ffa42e70000 - 0x00007ffa42ee9000 	C:\Windows\System32\bcryptPrimitives.dll
0x00007ffa44330000 - 0x00007ffa44338000 	C:\Windows\System32\PSAPI.DLL
0x00007ffa42db0000 - 0x00007ffa42dba000 	C:\Windows\System32\FLTLIB.DLL
0x00007ffa46880000 - 0x00007ffa468ad000 	C:\Windows\System32\IMM32.DLL
0x0000000055460000 - 0x0000000055532000 	C:\Program Files\Java\jdk1.8.0_121\jre\bin\msvcr100.dll
0x0000000054bc0000 - 0x000000005545b000 	C:\Program Files\Java\jdk1.8.0_121\jre\bin\server\jvm.dll
0x00007ffa3f240000 - 0x00007ffa3f249000 	C:\Windows\SYSTEM32\WSOCK32.dll
0x00007ffa45ef0000 - 0x00007ffa45f5c000 	C:\Windows\System32\WS2_32.dll
0x00007ffa3a890000 - 0x00007ffa3a8b3000 	C:\Windows\SYSTEM32\WINMM.dll
0x00007ffa31bc0000 - 0x00007ffa31bca000 	C:\Windows\SYSTEM32\VERSION.dll
0x00007ffa3a860000 - 0x00007ffa3a88a000 	C:\Windows\SYSTEM32\WINMMBASE.dll
0x00007ffa42e20000 - 0x00007ffa42e69000 	C:\Windows\System32\cfgmgr32.dll
0x0000000054bb0000 - 0x0000000054bbf000 	C:\Program Files\Java\jdk1.8.0_121\jre\bin\verify.dll
0x0000000054b80000 - 0x0000000054ba9000 	C:\Program Files\Java\jdk1.8.0_121\jre\bin\java.dll
0x0000000054b60000 - 0x0000000054b76000 	C:\Program Files\Java\jdk1.8.0_121\jre\bin\zip.dll
0x00007ffa449d0000 - 0x00007ffa45e15000 	C:\Windows\System32\SHELL32.dll
0x00007ffa46770000 - 0x00007ffa46819000 	C:\Windows\System32\shcore.dll
0x00007ffa430c0000 - 0x00007ffa437d0000 	C:\Windows\System32\windows.storage.dll
0x00007ffa465e0000 - 0x00007ffa46631000 	C:\Windows\System32\shlwapi.dll
0x00007ffa42dc0000 - 0x00007ffa42dd1000 	C:\Windows\System32\kernel.appcore.dll
0x00007ffa42e00000 - 0x00007ffa42e1f000 	C:\Windows\System32\profapi.dll
0x00007ffa42d60000 - 0x00007ffa42dac000 	C:\Windows\System32\powrprof.dll
0x0000000054b10000 - 0x0000000054b1d000 	C:\Program Files\Java\jdk1.8.0_121\jre\bin\management.dll
0x0000000054b40000 - 0x0000000054b5a000 	C:\Program Files\Java\jdk1.8.0_121\jre\bin\net.dll
0x00007ffa42580000 - 0x00007ffa425e6000 	C:\Windows\system32\mswsock.dll
0x0000000054b20000 - 0x0000000054b31000 	C:\Program Files\Java\jdk1.8.0_121\jre\bin\nio.dll
0x00007ffa2ff00000 - 0x00007ffa2ff16000 	C:\Windows\system32\napinsp.dll
0x00007ffa2fec0000 - 0x00007ffa2feda000 	C:\Windows\system32\pnrpnsp.dll
0x00007ffa3ed90000 - 0x00007ffa3eda9000 	C:\Windows\system32\NLAapi.dll
0x00007ffa42310000 - 0x00007ffa423ce000 	C:\Windows\SYSTEM32\DNSAPI.dll
0x00007ffa46960000 - 0x00007ffa46968000 	C:\Windows\System32\NSI.dll
0x00007ffa422d0000 - 0x00007ffa42308000 	C:\Windows\SYSTEM32\IPHLPAPI.DLL
0x00007ffa2fd20000 - 0x00007ffa2fd2e000 	C:\Windows\System32\winrnr.dll
0x00007ffa3d770000 - 0x00007ffa3d77a000 	C:\Windows\System32\rasadhlp.dll
0x00007ffa3f570000 - 0x00007ffa3f5e2000 	C:\Windows\System32\fwpuclnt.dll
0x00007ffa42860000 - 0x00007ffa42885000 	C:\Windows\SYSTEM32\bcrypt.dll
0x00007ffa42730000 - 0x00007ffa42747000 	C:\Windows\SYSTEM32\CRYPTSP.dll
0x00007ffa42130000 - 0x00007ffa42163000 	C:\Windows\system32\rsaenh.dll
0x00007ffa42c60000 - 0x00007ffa42c88000 	C:\Windows\SYSTEM32\USERENV.dll
0x00007ffa42750000 - 0x00007ffa4275b000 	C:\Windows\SYSTEM32\CRYPTBASE.dll
0x00007ffa3f550000 - 0x00007ffa3f566000 	C:\Windows\SYSTEM32\dhcpcsvc6.DLL
0x00007ffa3f510000 - 0x00007ffa3f52a000 	C:\Windows\SYSTEM32\dhcpcsvc.DLL

VM Arguments:
java_command: C:\Users\MOMALH~2\AppData\Local\Temp\surefire4661168517144513343\surefirebooter595292529505230765.jar C:\Users\momalhotra\AppData\Local\Temp\surefire4661168517144513343 2019-11-27T17-10-42_317-jvmRun1 surefire5439886841665296233tmp surefire_05260624590436726968tmp
java_class_path (initial): C:\Users\MOMALH~2\AppData\Local\Temp\surefire4661168517144513343\surefirebooter595292529505230765.jar
Launcher Type: SUN_STANDARD

Environment Variables:
PATH=C:/Program Files/Java/jre1.8.0_121/bin/server;C:/Program Files/Java/jre1.8.0_121/bin;C:/Program Files/Java/jre1.8.0_121/lib/amd64;C:\ProgramData\Oracle\Java\javapath;C:\Program Files (x86)\Intel\Intel(R) Management Engine Components\iCLS\;C:\Program Files\Intel\Intel(R) Management Engine Components\iCLS\;C:\Windows\system32;C:\Windows;C:\Windows\System32\Wbem;C:\Windows\System32\WindowsPowerShell\v1.0\;C:\Windows\System32\OpenSSH\;C:\Program Files (x86)\Intel\Intel(R) Management Engine Components\DAL;C:\Program Files\Intel\Intel(R) Management Engine Components\DAL;C:\Program Files (x86)\Intel\Intel(R) Management Engine Components\IPT;C:\Program Files\Intel\Intel(R) Management Engine Components\IPT;C:\Program Files\TortoiseSVN\bin;C:\Program Files\nodejs\;C:\Program Files\Git\cmd;C:\Program Files\Java\jdk1.6.0_161\jre\bin\server\jvm.dll;D:\sqldeveloper\jdk\jre\bin\server;D:\sqldeveloper\jdk\bin;D:\sqldeveloper\jdk\jre\bin\client\jvm.dll;C:\Program Files\Java\jdk1.8.0_121\bin;C:\Program Files\Java\jdk1.6.0_161\bin;C:\Program Files\Java\jre1.8.0_121\bin;C:\Users\momalhotra\AppData\Roaming\npm\;C:\Program Files\Java\jdk1.7.0_231\bin;C:\Program Files\Java\jdk1.7.0_231\jre\bin;C:\Users\momalhotra\AppData\Local\Microsoft\WindowsApps;;D:\Microsoft VS Code\bin;C:\Users\momalhotra\Desktop;
USERNAME=momalhotra
OS=Windows_NT
PROCESSOR_IDENTIFIER=Intel64 Family 6 Model 158 Stepping 9, GenuineIntel



---------------  S Y S T E M  ---------------

OS: Windows 10.0 , 64 bit Build 17134 (10.0.17134.753)

CPU:total 8 (4 cores per cpu, 2 threads per core) family 6 model 158 stepping 9, cmov, cx8, fxsr, mmx, sse, sse2, sse3, ssse3, sse4.1, sse4.2, popcnt, avx, avx2, aes, clmul, erms, rtm, 3dnowpref, lzcnt, ht, tsc, tscinvbit, bmi1, bmi2, adx

Memory: 4k page, physical 8249036k(445984k free), swap 26474696k(4188k free)

vm_info: Java HotSpot(TM) 64-Bit Server VM (25.121-b13) for windows-amd64 JRE (1.8.0_121-b13), built on Dec 12 2016 18:21:36 by "java_re" with MS VC++ 10.0 (VS2010)

time: Wed Nov 27 17:11:08 2019
elapsed time: 15 seconds (0d 0h 0m 15s)

