#
# There is insufficient memory for the Java Runtime Environment to continue.
# Native memory allocation (malloc) failed to allocate 1890240 bytes for Chunk::new
# Possible reasons:
#   The system is out of physical RAM or swap space
#   In 32 bit mode, the process size limit was hit
# Possible solutions:
#   Reduce memory load on the system
#   Increase physical memory or swap space
#   Check if swap backing store is full
#   Use 64 bit Java on a 64 bit OS
#   Decrease Java heap size (-Xmx/-Xms)
#   Decrease number of Java threads
#   Decrease Java thread stack sizes (-Xss)
#   Set larger code cache with -XX:ReservedCodeCacheSize=
# This output file may be truncated or incomplete.
#
#  Out of Memory Error (allocation.cpp:390), pid=28308, tid=0x000000000000332c
#
# JRE version: Java(TM) SE Runtime Environment (8.0_121-b13) (build 1.8.0_121-b13)
# Java VM: Java HotSpot(TM) 64-Bit Server VM (25.121-b13 mixed mode windows-amd64 compressed oops)
# Failed to write core dump. Minidumps are not enabled by default on client versions of Windows
#

---------------  T H R E A D  ---------------

Current thread (0x000000001a48f000):  JavaThread "C2 CompilerThread2" daemon [_thread_in_native, id=13100, stack(0x000000001ae50000,0x000000001af50000)]

Stack: [0x000000001ae50000,0x000000001af50000]
[error occurred during error reporting (printing stack bounds), id 0xc0000005]

Native frames: (J=compiled Java code, j=interpreted, Vv=VM code, C=native code)


Current CompileTask:
C2:   3932 3449   !   4       org.springframework.core.annotation.AnnotationUtils::findAnnotation (171 bytes)


---------------  P R O C E S S  ---------------

Java Threads: ( => current thread )
  0x000000001a64b800 JavaThread "surefire-forkedjvm-ping-30s" daemon [_thread_blocked, id=10692, stack(0x000000001b350000,0x000000001b450000)]
  0x000000001a5dc000 JavaThread "surefire-forkedjvm-command-thread" daemon [_thread_in_native, id=15664, stack(0x000000001b250000,0x000000001b350000)]
  0x000000001a4b6800 JavaThread "Service Thread" daemon [_thread_blocked, id=25296, stack(0x000000001b050000,0x000000001b150000)]
  0x000000001a498800 JavaThread "C1 CompilerThread3" daemon [_thread_blocked, id=15912, stack(0x000000001af50000,0x000000001b050000)]
=>0x000000001a48f000 JavaThread "C2 CompilerThread2" daemon [_thread_in_native, id=13100, stack(0x000000001ae50000,0x000000001af50000)]
  0x000000001a48d800 JavaThread "C2 CompilerThread1" daemon [_thread_blocked, id=5228, stack(0x000000001ad50000,0x000000001ae50000)]
  0x000000001a489800 JavaThread "C2 CompilerThread0" daemon [_thread_in_native, id=27168, stack(0x000000001ac50000,0x000000001ad50000)]
  0x000000001a488000 JavaThread "Attach Listener" daemon [_thread_blocked, id=31472, stack(0x000000001ab50000,0x000000001ac50000)]
  0x000000001a487000 JavaThread "Signal Dispatcher" daemon [_thread_blocked, id=25884, stack(0x000000001aa50000,0x000000001ab50000)]
  0x000000001a480800 JavaThread "Finalizer" daemon [_thread_blocked, id=17576, stack(0x000000001a860000,0x000000001a960000)]
  0x000000001858d800 JavaThread "Reference Handler" daemon [_thread_blocked, id=6436, stack(0x000000001a360000,0x000000001a460000)]
  0x0000000003571800 JavaThread "main" [_thread_in_vm, id=20904, stack(0x0000000003470000,0x0000000003570000)]

Other Threads:
  0x0000000018588800 VMThread [stack: 0x000000001a260000,0x000000001a360000] [id=11352]
  0x000000001a54e000 WatcherThread [stack: 0x000000001b150000,0x000000001b250000] [id=9280]

VM state:not at safepoint (normal execution)

VM Mutex/Monitor currently owned by a thread: None

Heap:
 PSYoungGen      total 268800K, used 52902K [0x00000000d6100000, 0x00000000f4500000, 0x0000000100000000)
  eden space 254976K, 20% used [0x00000000d6100000,0x00000000d94a9858,0x00000000e5a00000)
  from space 13824K, 0% used [0x00000000e5a00000,0x00000000e5a00000,0x00000000e6780000)
  to   space 15872K, 0% used [0x00000000f3580000,0x00000000f3580000,0x00000000f4500000)
 ParOldGen       total 47104K, used 17706K [0x0000000082200000, 0x0000000085000000, 0x00000000d6100000)
  object space 47104K, 37% used [0x0000000082200000,0x000000008334a820,0x0000000085000000)
 Metaspace       used 35056K, capacity 36482K, committed 36648K, reserved 1081344K
  class space    used 4563K, capacity 4860K, committed 4912K, reserved 1048576K

Card table byte_map: [0x0000000012a30000,0x0000000012e20000] byte_map_base: 0x000000001261f000

Marking Bits: (ParMarkBitMap*) 0x00000000550bb6d0
 Begin Bits: [0x00000000138c0000, 0x0000000015838000)
 End Bits:   [0x0000000015838000, 0x00000000177b0000)

Polling page: 0x00000000018b0000

CodeCache: size=245760Kb used=13877Kb max_used=13889Kb free=231882Kb
 bounds [0x0000000003670000, 0x0000000004410000, 0x0000000012670000]
 total_blobs=4075 nmethods=3662 adapters=325
 compilation: enabled

Compilation events (10 events):
Event: 3.922 Thread 0x000000001a498800 3670   !   3       com.sun.proxy.$Proxy61::annotationType (29 bytes)
Event: 3.922 Thread 0x000000001a498800 nmethod 3670 0x00000000043fd110 code [0x00000000043fd2a0, 0x00000000043fd6d8]
Event: 3.922 Thread 0x000000001a48d800 nmethod 3557 0x0000000004402650 code [0x00000000044029a0, 0x0000000004404998]
Event: 3.923 Thread 0x000000001a48d800 3671       4       org.axonframework.common.annotation.AnnotationUtils::collectAnnotationAttributes (99 bytes)
Event: 3.923 Thread 0x000000001a489800 nmethod 3626 0x00000000043ff910 code [0x00000000043ffac0, 0x00000000044000e8]
Event: 3.923 Thread 0x000000001a489800 3639       4       java.util.HashMap$KeySet::contains (9 bytes)
Event: 3.924 Thread 0x000000001a498800 3672       1       org.springframework.beans.factory.config.InstantiationAwareBeanPostProcessorAdapter::postProcessBeforeInstantiation (2 bytes)
Event: 3.925 Thread 0x000000001a498800 nmethod 3672 0x00000000043fce50 code [0x00000000043fcfa0, 0x00000000043fd0b0]
Event: 3.929 Thread 0x000000001a489800 nmethod 3639 0x00000000044015d0 code [0x0000000004401760, 0x0000000004401f38]
Event: 3.929 Thread 0x000000001a489800 3649       4       java.lang.StringBuilder::append (9 bytes)

GC Heap History (10 events):
Event: 1.415 GC heap before
{Heap before GC invocations=5 (full 0):
 PSYoungGen      total 136192K, used 14412K [0x00000000d6100000, 0x00000000deb00000, 0x0000000100000000)
  eden space 131072K, 7% used [0x00000000d6100000,0x00000000d6a1ab78,0x00000000de100000)
  from space 5120K, 99% used [0x00000000de600000,0x00000000deaf8720,0x00000000deb00000)
  to   space 5120K, 0% used [0x00000000de100000,0x00000000de100000,0x00000000de600000)
 ParOldGen       total 86016K, used 7357K [0x0000000082200000, 0x0000000087600000, 0x00000000d6100000)
  object space 86016K, 8% used [0x0000000082200000,0x000000008292f560,0x0000000087600000)
 Metaspace       used 20713K, capacity 21196K, committed 21296K, reserved 1067008K
  class space    used 2676K, capacity 2829K, committed 2864K, reserved 1048576K
Event: 1.420 GC heap after
Heap after GC invocations=5 (full 0):
 PSYoungGen      total 136192K, used 5094K [0x00000000d6100000, 0x00000000e7500000, 0x0000000100000000)
  eden space 131072K, 0% used [0x00000000d6100000,0x00000000d6100000,0x00000000de100000)
  from space 5120K, 99% used [0x00000000de100000,0x00000000de5f9af0,0x00000000de600000)
  to   space 10240K, 0% used [0x00000000e6b00000,0x00000000e6b00000,0x00000000e7500000)
 ParOldGen       total 86016K, used 7484K [0x0000000082200000, 0x0000000087600000, 0x00000000d6100000)
  object space 86016K, 8% used [0x0000000082200000,0x000000008294f1b0,0x0000000087600000)
 Metaspace       used 20713K, capacity 21196K, committed 21296K, reserved 1067008K
  class space    used 2676K, capacity 2829K, committed 2864K, reserved 1048576K
}
Event: 1.420 GC heap before
{Heap before GC invocations=6 (full 1):
 PSYoungGen      total 136192K, used 5094K [0x00000000d6100000, 0x00000000e7500000, 0x0000000100000000)
  eden space 131072K, 0% used [0x00000000d6100000,0x00000000d6100000,0x00000000de100000)
  from space 5120K, 99% used [0x00000000de100000,0x00000000de5f9af0,0x00000000de600000)
  to   space 10240K, 0% used [0x00000000e6b00000,0x00000000e6b00000,0x00000000e7500000)
 ParOldGen       total 86016K, used 7484K [0x0000000082200000, 0x0000000087600000, 0x00000000d6100000)
  object space 86016K, 8% used [0x0000000082200000,0x000000008294f1b0,0x0000000087600000)
 Metaspace       used 20713K, capacity 21196K, committed 21296K, reserved 1067008K
  class space    used 2676K, capacity 2829K, committed 2864K, reserved 1048576K
Event: 1.440 GC heap after
Heap after GC invocations=6 (full 1):
 PSYoungGen      total 136192K, used 0K [0x00000000d6100000, 0x00000000e7500000, 0x0000000100000000)
  eden space 131072K, 0% used [0x00000000d6100000,0x00000000d6100000,0x00000000de100000)
  from space 5120K, 0% used [0x00000000de100000,0x00000000de100000,0x00000000de600000)
  to   space 10240K, 0% used [0x00000000e6b00000,0x00000000e6b00000,0x00000000e7500000)
 ParOldGen       total 47104K, used 5846K [0x0000000082200000, 0x0000000085000000, 0x00000000d6100000)
  object space 47104K, 12% used [0x0000000082200000,0x00000000827b5b38,0x0000000085000000)
 Metaspace       used 20713K, capacity 21196K, committed 21296K, reserved 1067008K
  class space    used 2676K, capacity 2829K, committed 2864K, reserved 1048576K
}
Event: 2.447 GC heap before
{Heap before GC invocations=7 (full 1):
 PSYoungGen      total 136192K, used 131072K [0x00000000d6100000, 0x00000000e7500000, 0x0000000100000000)
  eden space 131072K, 100% used [0x00000000d6100000,0x00000000de100000,0x00000000de100000)
  from space 5120K, 0% used [0x00000000de100000,0x00000000de100000,0x00000000de600000)
  to   space 10240K, 0% used [0x00000000e6b00000,0x00000000e6b00000,0x00000000e7500000)
 ParOldGen       total 47104K, used 5854K [0x0000000082200000, 0x0000000085000000, 0x00000000d6100000)
  object space 47104K, 12% used [0x0000000082200000,0x00000000827b7b10,0x0000000085000000)
 Metaspace       used 29678K, capacity 30928K, committed 31024K, reserved 1077248K
  class space    used 3858K, capacity 4111K, committed 4144K, reserved 1048576K
Event: 2.464 GC heap after
Heap after GC invocations=7 (full 1):
 PSYoungGen      total 258560K, used 10220K [0x00000000d6100000, 0x00000000e7500000, 0x0000000100000000)
  eden space 248320K, 0% used [0x00000000d6100000,0x00000000d6100000,0x00000000e5380000)
  from space 10240K, 99% used [0x00000000e6b00000,0x00000000e74fb088,0x00000000e7500000)
  to   space 13824K, 0% used [0x00000000e5a00000,0x00000000e5a00000,0x00000000e6780000)
 ParOldGen       total 47104K, used 9243K [0x0000000082200000, 0x0000000085000000, 0x00000000d6100000)
  object space 47104K, 19% used [0x0000000082200000,0x0000000082b06ef8,0x0000000085000000)
 Metaspace       used 29678K, capacity 30928K, committed 31024K, reserved 1077248K
  class space    used 3858K, capacity 4111K, committed 4144K, reserved 1048576K
}
Event: 3.478 GC heap before
{Heap before GC invocations=8 (full 1):
 PSYoungGen      total 258560K, used 106569K [0x00000000d6100000, 0x00000000e7500000, 0x0000000100000000)
  eden space 248320K, 38% used [0x00000000d6100000,0x00000000dbf17630,0x00000000e5380000)
  from space 10240K, 99% used [0x00000000e6b00000,0x00000000e74fb088,0x00000000e7500000)
  to   space 13824K, 0% used [0x00000000e5a00000,0x00000000e5a00000,0x00000000e6780000)
 ParOldGen       total 47104K, used 9243K [0x0000000082200000, 0x0000000085000000, 0x00000000d6100000)
  object space 47104K, 19% used [0x0000000082200000,0x0000000082b06ef8,0x0000000085000000)
 Metaspace       used 34009K, capacity 35382K, committed 35496K, reserved 1079296K
  class space    used 4403K, capacity 4700K, committed 4784K, reserved 1048576K
Event: 3.511 GC heap after
Heap after GC invocations=8 (full 1):
 PSYoungGen      total 268800K, used 13052K [0x00000000d6100000, 0x00000000f4500000, 0x0000000100000000)
  eden space 254976K, 0% used [0x00000000d6100000,0x00000000d6100000,0x00000000e5a00000)
  from space 13824K, 94% used [0x00000000e5a00000,0x00000000e66bf248,0x00000000e6780000)
  to   space 15872K, 0% used [0x00000000f3580000,0x00000000f3580000,0x00000000f4500000)
 ParOldGen       total 47104K, used 9251K [0x0000000082200000, 0x0000000085000000, 0x00000000d6100000)
  object space 47104K, 19% used [0x0000000082200000,0x0000000082b08ef8,0x0000000085000000)
 Metaspace       used 34009K, capacity 35382K, committed 35496K, reserved 1079296K
  class space    used 4403K, capacity 4700K, committed 4784K, reserved 1048576K
}
Event: 3.511 GC heap before
{Heap before GC invocations=9 (full 2):
 PSYoungGen      total 268800K, used 13052K [0x00000000d6100000, 0x00000000f4500000, 0x0000000100000000)
  eden space 254976K, 0% used [0x00000000d6100000,0x00000000d6100000,0x00000000e5a00000)
  from space 13824K, 94% used [0x00000000e5a00000,0x00000000e66bf248,0x00000000e6780000)
  to   space 15872K, 0% used [0x00000000f3580000,0x00000000f3580000,0x00000000f4500000)
 ParOldGen       total 47104K, used 9251K [0x0000000082200000, 0x0000000085000000, 0x00000000d6100000)
  object space 47104K, 19% used [0x0000000082200000,0x0000000082b08ef8,0x0000000085000000)
 Metaspace       used 34009K, capacity 35382K, committed 35496K, reserved 1079296K
  class space    used 4403K, capacity 4700K, committed 4784K, reserved 1048576K
Event: 3.567 GC heap after
Heap after GC invocations=9 (full 2):
 PSYoungGen      total 268800K, used 0K [0x00000000d6100000, 0x00000000f4500000, 0x0000000100000000)
  eden space 254976K, 0% used [0x00000000d6100000,0x00000000d6100000,0x00000000e5a00000)
  from space 13824K, 0% used [0x00000000e5a00000,0x00000000e5a00000,0x00000000e6780000)
  to   space 15872K, 0% used [0x00000000f3580000,0x00000000f3580000,0x00000000f4500000)
 ParOldGen       total 47104K, used 17706K [0x0000000082200000, 0x0000000085000000, 0x00000000d6100000)
  object space 47104K, 37% used [0x0000000082200000,0x000000008334a820,0x0000000085000000)
 Metaspace       used 34009K, capacity 35382K, committed 35496K, reserved 1079296K
  class space    used 4403K, capacity 4700K, committed 4784K, reserved 1048576K
}

Deoptimization events (10 events):
Event: 3.708 Thread 0x0000000003571800 Uncommon trap: reason=null_check action=make_not_entrant pc=0x0000000004145f90 method=org.springframework.beans.factory.support.DefaultSingletonBeanRegistry.getSingleton(Ljava/lang/String;Z)Ljava/lang/Object; @ 60
Event: 3.709 Thread 0x0000000003571800 Uncommon trap: reason=class_check action=maybe_recompile pc=0x0000000003c60e5c method=java.util.concurrent.ConcurrentHashMap.putVal(Ljava/lang/Object;Ljava/lang/Object;Z)Ljava/lang/Object; @ 192
Event: 3.710 Thread 0x0000000003571800 Uncommon trap: reason=class_check action=maybe_recompile pc=0x0000000003c60e5c method=java.util.concurrent.ConcurrentHashMap.putVal(Ljava/lang/Object;Ljava/lang/Object;Z)Ljava/lang/Object; @ 192
Event: 3.721 Thread 0x0000000003571800 Uncommon trap: reason=unstable_if action=reinterpret pc=0x00000000041244c0 method=org.springframework.util.ClassUtils.forName(Ljava/lang/String;Ljava/lang/ClassLoader;)Ljava/lang/Class; @ 40
Event: 3.800 Thread 0x000000001a64b800 Uncommon trap: reason=unstable_if action=reinterpret pc=0x0000000003ba71f4 method=java.io.WinNTFileSystem.prefixLength(Ljava/lang/String;)I @ 68
Event: 3.822 Thread 0x0000000003571800 Uncommon trap: reason=unstable_if action=reinterpret pc=0x0000000003c49934 method=org.springframework.util.ObjectUtils.nullSafeEquals(Ljava/lang/Object;Ljava/lang/Object;)Z @ 8
Event: 3.822 Thread 0x0000000003571800 Uncommon trap: reason=unstable_if action=reinterpret pc=0x000000000409cf64 method=org.springframework.boot.context.properties.source.ConfigurationPropertyName.equals(Ljava/lang/Object;)Z @ 8
Event: 3.835 Thread 0x0000000003571800 Uncommon trap: reason=unstable_if action=reinterpret pc=0x0000000003895050 method=java.lang.AbstractStringBuilder.append(Ljava/lang/String;)Ljava/lang/AbstractStringBuilder; @ 1
Event: 3.852 Thread 0x000000001a64b800 Uncommon trap: reason=unstable_if action=reinterpret pc=0x0000000004315590 method=java.util.concurrent.locks.AbstractQueuedSynchronizer.release(I)Z @ 14
Event: 3.917 Thread 0x0000000003571800 Uncommon trap: reason=unstable_if action=reinterpret pc=0x000000000425ec64 method=org.springframework.asm.Frame.push(I)V @ 26

Internal exceptions (10 events):
Event: 3.908 Thread 0x0000000003571800 Exception <a 'java/lang/ClassNotFoundException': org/springframework/boot/jdbc/metadata/DataSourcePoolMetadataProviderCustomizer> (0x00000000d8dd7c18) thrown at [C:\re\workspace\8-2-build-windows-amd64-cygwin\jdk8u121\8372\hotspot\src\share\vm\classfile\s
Event: 3.918 Thread 0x0000000003571800 Exception <a 'java/lang/ClassNotFoundException': java/lang/ObjectCustomizer> (0x00000000d8ecaf68) thrown at [C:\re\workspace\8-2-build-windows-amd64-cygwin\jdk8u121\8372\hotspot\src\share\vm\classfile\systemDictionary.cpp, line 210]
Event: 3.919 Thread 0x0000000003571800 Exception <a 'java/lang/ClassNotFoundException': org/springframework/boot/autoconfigure/orm/jpa/JpaBaseConfigurationCustomizer> (0x00000000d8eff8d8) thrown at [C:\re\workspace\8-2-build-windows-amd64-cygwin\jdk8u121\8372\hotspot\src\share\vm\classfile\sys
Event: 3.919 Thread 0x0000000003571800 Exception <a 'java/lang/ClassNotFoundException': org/springframework/boot/autoconfigure/orm/jpa/HibernateJpaConfigurationCustomizer> (0x00000000d8f3a800) thrown at [C:\re\workspace\8-2-build-windows-amd64-cygwin\jdk8u121\8372\hotspot\src\share\vm\classfil
Event: 3.920 Thread 0x0000000003571800 Exception <a 'java/lang/ClassNotFoundException': org/springframework/boot/autoconfigure/orm/jpa/HibernateJpaConfiguration$$EnhancerBySpringCGLIB$$db93de7eCustomizer> (0x00000000d8f7e1f0) thrown at [C:\re\workspace\8-2-build-windows-amd64-cygwin\jdk8u121\8
Event: 3.920 Thread 0x0000000003571800 Exception <a 'java/lang/ClassNotFoundException': org/springframework/context/annotation/ConfigurationClassEnhancer$EnhancedConfigurationCustomizer> (0x00000000d8fc3e48) thrown at [C:\re\workspace\8-2-build-windows-amd64-cygwin\jdk8u121\8372\hotspot\src\sh
Event: 3.920 Thread 0x0000000003571800 Exception <a 'java/lang/ClassNotFoundException': org/springframework/beans/factory/BeanFactoryAwareCustomizer> (0x00000000d8fed270) thrown at [C:\re\workspace\8-2-build-windows-amd64-cygwin\jdk8u121\8372\hotspot\src\share\vm\classfile\systemDictionary.cpp
Event: 3.921 Thread 0x0000000003571800 Exception <a 'java/lang/ClassNotFoundException': org/springframework/beans/factory/AwareCustomizer> (0x00000000d9012668) thrown at [C:\re\workspace\8-2-build-windows-amd64-cygwin\jdk8u121\8372\hotspot\src\share\vm\classfile\systemDictionary.cpp, line 210]
Event: 3.921 Thread 0x0000000003571800 Exception <a 'java/lang/ClassNotFoundException': org/springframework/beans/factory/BeanFactoryAwareCustomizer> (0x00000000d903b930) thrown at [C:\re\workspace\8-2-build-windows-amd64-cygwin\jdk8u121\8372\hotspot\src\share\vm\classfile\systemDictionary.cpp
Event: 3.921 Thread 0x0000000003571800 Exception <a 'java/lang/ClassNotFoundException': org/springframework/beans/factory/AwareCustomizer> (0x00000000d9060d28) thrown at [C:\re\workspace\8-2-build-windows-amd64-cygwin\jdk8u121\8372\hotspot\src\share\vm\classfile\systemDictionary.cpp, line 210]

Events (10 events):
Event: 3.929 loading class org/springframework/dao/OptimisticLockingFailureException
Event: 3.929 loading class org/springframework/dao/OptimisticLockingFailureException done
Event: 3.929 loading class org/springframework/orm/jpa/JpaSystemException
Event: 3.929 loading class org/springframework/orm/jpa/JpaSystemException done
Event: 3.929 loading class org/springframework/dao/UncategorizedDataAccessException
Event: 3.929 loading class org/springframework/dao/UncategorizedDataAccessException done
Event: 3.929 loading class org/springframework/jdbc/datasource/ConnectionHandle
Event: 3.929 loading class org/springframework/jdbc/datasource/ConnectionHandle done
Event: 3.929 loading class org/hibernate/Session
Event: 3.929 loading class org/hibernate/Session done


Dynamic libraries:
0x00007ff7adb90000 - 0x00007ff7adbc7000 	C:\Program Files\Java\jdk1.8.0_121\jre\bin\java.exe
0x00007ffa46a70000 - 0x00007ffa46c51000 	C:\Windows\SYSTEM32\ntdll.dll
0x00007ffa46390000 - 0x00007ffa46441000 	C:\Windows\System32\KERNEL32.DLL
0x00007ffa437d0000 - 0x00007ffa43a43000 	C:\Windows\System32\KERNELBASE.dll
0x00007ffa2ad10000 - 0x00007ffa2aec2000 	C:\Windows\system32\ctiuser.dll
0x00007ffa468b0000 - 0x00007ffa46951000 	C:\Windows\System32\ADVAPI32.dll
0x00007ffa46970000 - 0x00007ffa46a0e000 	C:\Windows\System32\msvcrt.dll
0x00007ffa44340000 - 0x00007ffa4439b000 	C:\Windows\System32\sechost.dll
0x00007ffa46640000 - 0x00007ffa46764000 	C:\Windows\System32\RPCRT4.dll
0x00007ffa461f0000 - 0x00007ffa46381000 	C:\Windows\System32\USER32.dll
0x00007ffa42ff0000 - 0x00007ffa43010000 	C:\Windows\System32\win32u.dll
0x00007ffa46a10000 - 0x00007ffa46a38000 	C:\Windows\System32\GDI32.dll
0x00007ffa43d40000 - 0x00007ffa43ed1000 	C:\Windows\System32\gdi32full.dll
0x00007ffa43a50000 - 0x00007ffa43aef000 	C:\Windows\System32\msvcp_win.dll
0x00007ffa42ef0000 - 0x00007ffa42fe8000 	C:\Windows\System32\ucrtbase.dll
0x00007ffa318b0000 - 0x00007ffa31b19000 	C:\Windows\WinSxS\amd64_microsoft.windows.common-controls_6595b64144ccf1df_6.0.17134.1130_none_d3ff42617c90becf\COMCTL32.dll
0x00007ffa443a0000 - 0x00007ffa446c1000 	C:\Windows\System32\combase.dll
0x00007ffa42e70000 - 0x00007ffa42ee9000 	C:\Windows\System32\bcryptPrimitives.dll
0x00007ffa44330000 - 0x00007ffa44338000 	C:\Windows\System32\PSAPI.DLL
0x00007ffa42db0000 - 0x00007ffa42dba000 	C:\Windows\System32\FLTLIB.DLL
0x00007ffa46880000 - 0x00007ffa468ad000 	C:\Windows\System32\IMM32.DLL
0x0000000055140000 - 0x0000000055212000 	C:\Program Files\Java\jdk1.8.0_121\jre\bin\msvcr100.dll
0x00000000548a0000 - 0x000000005513b000 	C:\Program Files\Java\jdk1.8.0_121\jre\bin\server\jvm.dll
0x00007ffa3db90000 - 0x00007ffa3db99000 	C:\Windows\SYSTEM32\WSOCK32.dll
0x00007ffa45ef0000 - 0x00007ffa45f5c000 	C:\Windows\System32\WS2_32.dll
0x00007ffa3a890000 - 0x00007ffa3a8b3000 	C:\Windows\SYSTEM32\WINMM.dll
0x00007ffa31bc0000 - 0x00007ffa31bca000 	C:\Windows\SYSTEM32\VERSION.dll
0x00007ffa3a860000 - 0x00007ffa3a88a000 	C:\Windows\SYSTEM32\WINMMBASE.dll
0x00007ffa42e20000 - 0x00007ffa42e69000 	C:\Windows\System32\cfgmgr32.dll
0x0000000054890000 - 0x000000005489f000 	C:\Program Files\Java\jdk1.8.0_121\jre\bin\verify.dll
0x0000000054860000 - 0x0000000054889000 	C:\Program Files\Java\jdk1.8.0_121\jre\bin\java.dll
0x0000000054840000 - 0x0000000054856000 	C:\Program Files\Java\jdk1.8.0_121\jre\bin\zip.dll
0x00007ffa449d0000 - 0x00007ffa45e15000 	C:\Windows\System32\SHELL32.dll
0x00007ffa46770000 - 0x00007ffa46819000 	C:\Windows\System32\shcore.dll
0x00007ffa430c0000 - 0x00007ffa437d0000 	C:\Windows\System32\windows.storage.dll
0x00007ffa465e0000 - 0x00007ffa46631000 	C:\Windows\System32\shlwapi.dll
0x00007ffa42dc0000 - 0x00007ffa42dd1000 	C:\Windows\System32\kernel.appcore.dll
0x00007ffa42e00000 - 0x00007ffa42e1f000 	C:\Windows\System32\profapi.dll
0x00007ffa42d60000 - 0x00007ffa42dac000 	C:\Windows\System32\powrprof.dll
0x00000000547f0000 - 0x00000000547fd000 	C:\Program Files\Java\jdk1.8.0_121\jre\bin\management.dll
0x0000000054820000 - 0x000000005483a000 	C:\Program Files\Java\jdk1.8.0_121\jre\bin\net.dll
0x00007ffa42580000 - 0x00007ffa425e6000 	C:\Windows\system32\mswsock.dll
0x0000000054800000 - 0x0000000054811000 	C:\Program Files\Java\jdk1.8.0_121\jre\bin\nio.dll
0x00007ffa2ff00000 - 0x00007ffa2ff16000 	C:\Windows\system32\napinsp.dll
0x00007ffa2fec0000 - 0x00007ffa2feda000 	C:\Windows\system32\pnrpnsp.dll
0x00007ffa3ed90000 - 0x00007ffa3eda9000 	C:\Windows\system32\NLAapi.dll
0x00007ffa42310000 - 0x00007ffa423ce000 	C:\Windows\SYSTEM32\DNSAPI.dll
0x00007ffa46960000 - 0x00007ffa46968000 	C:\Windows\System32\NSI.dll
0x00007ffa422d0000 - 0x00007ffa42308000 	C:\Windows\SYSTEM32\IPHLPAPI.DLL
0x00007ffa2fd20000 - 0x00007ffa2fd2e000 	C:\Windows\System32\winrnr.dll
0x00007ffa3d770000 - 0x00007ffa3d77a000 	C:\Windows\System32\rasadhlp.dll
0x00007ffa3f570000 - 0x00007ffa3f5e2000 	C:\Windows\System32\fwpuclnt.dll
0x00007ffa42860000 - 0x00007ffa42885000 	C:\Windows\SYSTEM32\bcrypt.dll

VM Arguments:
java_command: C:\Users\MOMALH~2\AppData\Local\Temp\surefire4366981455403829846\surefirebooter3907471723548159168.jar C:\Users\momalhotra\AppData\Local\Temp\surefire4366981455403829846 2019-11-25T15-35-33_687-jvmRun1 surefire7197624319620509238tmp surefire_07890382433692142060tmp
java_class_path (initial): C:\Users\MOMALH~2\AppData\Local\Temp\surefire4366981455403829846\surefirebooter3907471723548159168.jar
Launcher Type: SUN_STANDARD

Environment Variables:
PATH=C:/Program Files/Java/jre1.8.0_121/bin/server;C:/Program Files/Java/jre1.8.0_121/bin;C:/Program Files/Java/jre1.8.0_121/lib/amd64;C:\ProgramData\Oracle\Java\javapath;C:\Program Files (x86)\Intel\Intel(R) Management Engine Components\iCLS\;C:\Program Files\Intel\Intel(R) Management Engine Components\iCLS\;C:\Windows\system32;C:\Windows;C:\Windows\System32\Wbem;C:\Windows\System32\WindowsPowerShell\v1.0\;C:\Windows\System32\OpenSSH\;C:\Program Files (x86)\Intel\Intel(R) Management Engine Components\DAL;C:\Program Files\Intel\Intel(R) Management Engine Components\DAL;C:\Program Files (x86)\Intel\Intel(R) Management Engine Components\IPT;C:\Program Files\Intel\Intel(R) Management Engine Components\IPT;C:\Program Files\TortoiseSVN\bin;C:\Program Files\nodejs\;C:\Program Files\Git\cmd;C:\Program Files\Java\jdk1.6.0_161\jre\bin\server\jvm.dll;D:\sqldeveloper\jdk\jre\bin\server;D:\sqldeveloper\jdk\bin;D:\sqldeveloper\jdk\jre\bin\client\jvm.dll;C:\Program Files\Java\jdk1.8.0_121\bin;C:\Program Files\Java\jdk1.6.0_161\bin;C:\Program Files\Java\jre1.8.0_121\bin;C:\Users\momalhotra\AppData\Roaming\npm\;C:\Program Files\Java\jdk1.7.0_231\bin;C:\Program Files\Java\jdk1.7.0_231\jre\bin;C:\Users\momalhotra\AppData\Local\Microsoft\WindowsApps;;D:\Microsoft VS Code\bin;C:\Users\momalhotra\Desktop;
USERNAME=momalhotra
OS=Windows_NT
PROCESSOR_IDENTIFIER=Intel64 Family 6 Model 158 Stepping 9, GenuineIntel



---------------  S Y S T E M  ---------------

OS: Windows 10.0 , 64 bit Build 17134 (10.0.17134.753)

CPU:total 8 (4 cores per cpu, 2 threads per core) family 6 model 158 stepping 9, cmov, cx8, fxsr, mmx, sse, sse2, sse3, ssse3, sse4.1, sse4.2, popcnt, avx, avx2, aes, clmul, erms, rtm, 3dnowpref, lzcnt, ht, tsc, tscinvbit, bmi1, bmi2, adx

Memory: 4k page, physical 8249036k(641224k free), swap 26474696k(6940k free)

vm_info: Java HotSpot(TM) 64-Bit Server VM (25.121-b13) for windows-amd64 JRE (1.8.0_121-b13), built on Dec 12 2016 18:21:36 by "java_re" with MS VC++ 10.0 (VS2010)

time: Mon Nov 25 15:35:44 2019
elapsed time: 3 seconds (0d 0h 0m 3s)

