#
# There is insufficient memory for the Java Runtime Environment to continue.
# Native memory allocation (malloc) failed to allocate 2384016 bytes for Chunk::new
# Possible reasons:
#   The system is out of physical RAM or swap space
#   In 32 bit mode, the process size limit was hit
# Possible solutions:
#   Reduce memory load on the system
#   Increase physical memory or swap space
#   Check if swap backing store is full
#   Use 64 bit Java on a 64 bit OS
#   Decrease Java heap size (-Xmx/-Xms)
#   Decrease number of Java threads
#   Decrease Java thread stack sizes (-Xss)
#   Set larger code cache with -XX:ReservedCodeCacheSize=
# This output file may be truncated or incomplete.
#
#  Out of Memory Error (allocation.cpp:390), pid=9340, tid=0x0000000000002b0c
#
# JRE version: Java(TM) SE Runtime Environment (8.0_121-b13) (build 1.8.0_121-b13)
# Java VM: Java HotSpot(TM) 64-Bit Server VM (25.121-b13 mixed mode windows-amd64 compressed oops)
# Failed to write core dump. Minidumps are not enabled by default on client versions of Windows
#

---------------  T H R E A D  ---------------

Current thread (0x000000001a047800):  JavaThread "C2 CompilerThread2" daemon [_thread_in_native, id=11020, stack(0x000000001a910000,0x000000001aa10000)]

Stack: [0x000000001a910000,0x000000001aa10000]
[error occurred during error reporting (printing stack bounds), id 0xc0000005]

Native frames: (J=compiled Java code, j=interpreted, Vv=VM code, C=native code)


Current CompileTask:
C2:   3245 3572   !   4       java.net.URLClassLoader$1::run (63 bytes)


---------------  P R O C E S S  ---------------

Java Threads: ( => current thread )
  0x000000001a0de800 JavaThread "Service Thread" daemon [_thread_blocked, id=12200, stack(0x000000001ab10000,0x000000001ac10000)]
  0x000000001a04d800 JavaThread "C1 CompilerThread3" daemon [_thread_blocked, id=15124, stack(0x000000001aa10000,0x000000001ab10000)]
=>0x000000001a047800 JavaThread "C2 CompilerThread2" daemon [_thread_in_native, id=11020, stack(0x000000001a910000,0x000000001aa10000)]
  0x000000001a042800 JavaThread "C2 CompilerThread1" daemon [_thread_in_native, id=6588, stack(0x000000001a810000,0x000000001a910000)]
  0x000000001a03d800 JavaThread "C2 CompilerThread0" daemon [_thread_in_native, id=26780, stack(0x000000001a710000,0x000000001a810000)]
  0x000000001a038800 JavaThread "Attach Listener" daemon [_thread_blocked, id=11144, stack(0x000000001a610000,0x000000001a710000)]
  0x000000001812e800 JavaThread "Signal Dispatcher" daemon [_thread_blocked, id=8892, stack(0x000000001a510000,0x000000001a610000)]
  0x00000000031f9000 JavaThread "Finalizer" daemon [_thread_blocked, id=8348, stack(0x000000001a410000,0x000000001a510000)]
  0x00000000031f8000 JavaThread "Reference Handler" daemon [_thread_blocked, id=23840, stack(0x0000000019f10000,0x000000001a010000)]
  0x00000000030fe000 JavaThread "main" [_thread_in_vm, id=17392, stack(0x0000000002fd0000,0x00000000030d0000)]

Other Threads:
  0x0000000018119000 VMThread [stack: 0x0000000019e10000,0x0000000019f10000] [id=10248]
  0x000000001a0a5000 WatcherThread [stack: 0x000000001ac10000,0x000000001ad10000] [id=15448]

VM state:not at safepoint (normal execution)

VM Mutex/Monitor currently owned by a thread: None

Heap:
 PSYoungGen      total 70656K, used 61112K [0x00000000d6100000, 0x00000000dab00000, 0x0000000100000000)
  eden space 65536K, 85% used [0x00000000d6100000,0x00000000d97ae370,0x00000000da100000)
  from space 5120K, 100% used [0x00000000da600000,0x00000000dab00000,0x00000000dab00000)
  to   space 5120K, 0% used [0x00000000da100000,0x00000000da100000,0x00000000da600000)
 ParOldGen       total 86016K, used 33892K [0x0000000082200000, 0x0000000087600000, 0x00000000d6100000)
  object space 86016K, 39% used [0x0000000082200000,0x0000000084319348,0x0000000087600000)
 Metaspace       used 19282K, capacity 19854K, committed 20096K, reserved 1067008K
  class space    used 2251K, capacity 2410K, committed 2432K, reserved 1048576K

Card table byte_map: [0x00000000125c0000,0x00000000129b0000] byte_map_base: 0x00000000121af000

Marking Bits: (ParMarkBitMap*) 0x00000000550bb6d0
 Begin Bits: [0x0000000013450000, 0x00000000153c8000)
 End Bits:   [0x00000000153c8000, 0x0000000017340000)

Polling page: 0x0000000001630000

CodeCache: size=245760Kb used=14452Kb max_used=14452Kb free=231307Kb
 bounds [0x0000000003200000, 0x0000000004030000, 0x0000000012200000]
 total_blobs=4174 nmethods=3788 adapters=298
 compilation: enabled

Compilation events (10 events):
Event: 3.239 Thread 0x000000001a04d800 nmethod 3822 0x0000000004025550 code [0x00000000040256c0, 0x00000000040258e8]
Event: 3.239 Thread 0x000000001a04d800 3823       3       com.google.inject.internal.Annotations::canonicalizeIfNamed (22 bytes)
Event: 3.239 Thread 0x000000001a04d800 nmethod 3823 0x0000000004025990 code [0x0000000004025b60, 0x0000000004026378]
Event: 3.239 Thread 0x000000001a04d800 3824       3       com.google.inject.Key$AnnotationInstanceStrategy::<init> (18 bytes)
Event: 3.240 Thread 0x000000001a04d800 nmethod 3824 0x0000000004026710 code [0x00000000040268a0, 0x0000000004026ca8]
Event: 3.240 Thread 0x000000001a04d800 3825       3       com.google.inject.name.NamedImpl::hashCode (17 bytes)
Event: 3.240 Thread 0x000000001a04d800 nmethod 3825 0x0000000004026e90 code [0x0000000004027000, 0x00000000040272f8]
Event: 3.242 Thread 0x000000001a04d800 3826       3       java.lang.Throwable::<init> (34 bytes)
Event: 3.243 Thread 0x000000001a04d800 nmethod 3826 0x00000000040273d0 code [0x0000000004027560, 0x0000000004027ae8]
Event: 3.243 Thread 0x000000001a04d800 3827       3       sun.net.www.protocol.jar.URLJarFile::getJarFile (23 bytes)

GC Heap History (10 events):
Event: 0.742 GC heap before
{Heap before GC invocations=2 (full 0):
 PSYoungGen      total 37888K, used 37484K [0x00000000d6100000, 0x00000000dab00000, 0x0000000100000000)
  eden space 32768K, 100% used [0x00000000d6100000,0x00000000d8100000,0x00000000d8100000)
  from space 5120K, 92% used [0x00000000d8100000,0x00000000d859b168,0x00000000d8600000)
  to   space 5120K, 0% used [0x00000000da600000,0x00000000da600000,0x00000000dab00000)
 ParOldGen       total 86016K, used 8K [0x0000000082200000, 0x0000000087600000, 0x00000000d6100000)
  object space 86016K, 0% used [0x0000000082200000,0x0000000082202000,0x0000000087600000)
 Metaspace       used 11844K, capacity 12046K, committed 12416K, reserved 1060864K
  class space    used 1501K, capacity 1605K, committed 1664K, reserved 1048576K
Event: 0.748 GC heap after
Heap after GC invocations=2 (full 0):
 PSYoungGen      total 70656K, used 5106K [0x00000000d6100000, 0x00000000dab00000, 0x0000000100000000)
  eden space 65536K, 0% used [0x00000000d6100000,0x00000000d6100000,0x00000000da100000)
  from space 5120K, 99% used [0x00000000da600000,0x00000000daafc928,0x00000000dab00000)
  to   space 5120K, 0% used [0x00000000da100000,0x00000000da100000,0x00000000da600000)
 ParOldGen       total 86016K, used 2241K [0x0000000082200000, 0x0000000087600000, 0x00000000d6100000)
  object space 86016K, 2% used [0x0000000082200000,0x00000000824307d8,0x0000000087600000)
 Metaspace       used 11844K, capacity 12046K, committed 12416K, reserved 1060864K
  class space    used 1501K, capacity 1605K, committed 1664K, reserved 1048576K
}
Event: 1.372 GC heap before
{Heap before GC invocations=3 (full 0):
 PSYoungGen      total 70656K, used 70642K [0x00000000d6100000, 0x00000000dab00000, 0x0000000100000000)
  eden space 65536K, 100% used [0x00000000d6100000,0x00000000da100000,0x00000000da100000)
  from space 5120K, 99% used [0x00000000da600000,0x00000000daafc928,0x00000000dab00000)
  to   space 5120K, 0% used [0x00000000da100000,0x00000000da100000,0x00000000da600000)
 ParOldGen       total 86016K, used 2241K [0x0000000082200000, 0x0000000087600000, 0x00000000d6100000)
  object space 86016K, 2% used [0x0000000082200000,0x00000000824307d8,0x0000000087600000)
 Metaspace       used 14551K, capacity 14766K, committed 14976K, reserved 1062912K
  class space    used 1778K, capacity 1877K, committed 1920K, reserved 1048576K
Event: 1.390 GC heap after
Heap after GC invocations=3 (full 0):
 PSYoungGen      total 70656K, used 5104K [0x00000000d6100000, 0x00000000dab00000, 0x0000000100000000)
  eden space 65536K, 0% used [0x00000000d6100000,0x00000000d6100000,0x00000000da100000)
  from space 5120K, 99% used [0x00000000da100000,0x00000000da5fc030,0x00000000da600000)
  to   space 5120K, 0% used [0x00000000da600000,0x00000000da600000,0x00000000dab00000)
 ParOldGen       total 86016K, used 12052K [0x0000000082200000, 0x0000000087600000, 0x00000000d6100000)
  object space 86016K, 14% used [0x0000000082200000,0x0000000082dc5250,0x0000000087600000)
 Metaspace       used 14551K, capacity 14766K, committed 14976K, reserved 1062912K
  class space    used 1778K, capacity 1877K, committed 1920K, reserved 1048576K
}
Event: 1.660 GC heap before
{Heap before GC invocations=4 (full 0):
 PSYoungGen      total 70656K, used 70640K [0x00000000d6100000, 0x00000000dab00000, 0x0000000100000000)
  eden space 65536K, 100% used [0x00000000d6100000,0x00000000da100000,0x00000000da100000)
  from space 5120K, 99% used [0x00000000da100000,0x00000000da5fc030,0x00000000da600000)
  to   space 5120K, 0% used [0x00000000da600000,0x00000000da600000,0x00000000dab00000)
 ParOldGen       total 86016K, used 12052K [0x0000000082200000, 0x0000000087600000, 0x00000000d6100000)
  object space 86016K, 14% used [0x0000000082200000,0x0000000082dc5250,0x0000000087600000)
 Metaspace       used 14748K, capacity 14970K, committed 15232K, reserved 1062912K
  class space    used 1779K, capacity 1879K, committed 1920K, reserved 1048576K
Event: 1.676 GC heap after
Heap after GC invocations=4 (full 0):
 PSYoungGen      total 70656K, used 5104K [0x00000000d6100000, 0x00000000dab00000, 0x0000000100000000)
  eden space 65536K, 0% used [0x00000000d6100000,0x00000000d6100000,0x00000000da100000)
  from space 5120K, 99% used [0x00000000da600000,0x00000000daafc030,0x00000000dab00000)
  to   space 5120K, 0% used [0x00000000da100000,0x00000000da100000,0x00000000da600000)
 ParOldGen       total 86016K, used 21008K [0x0000000082200000, 0x0000000087600000, 0x00000000d6100000)
  object space 86016K, 24% used [0x0000000082200000,0x0000000083684300,0x0000000087600000)
 Metaspace       used 14748K, capacity 14970K, committed 15232K, reserved 1062912K
  class space    used 1779K, capacity 1879K, committed 1920K, reserved 1048576K
}
Event: 2.030 GC heap before
{Heap before GC invocations=5 (full 0):
 PSYoungGen      total 70656K, used 70640K [0x00000000d6100000, 0x00000000dab00000, 0x0000000100000000)
  eden space 65536K, 100% used [0x00000000d6100000,0x00000000da100000,0x00000000da100000)
  from space 5120K, 99% used [0x00000000da600000,0x00000000daafc030,0x00000000dab00000)
  to   space 5120K, 0% used [0x00000000da100000,0x00000000da100000,0x00000000da600000)
 ParOldGen       total 86016K, used 21008K [0x0000000082200000, 0x0000000087600000, 0x00000000d6100000)
  object space 86016K, 24% used [0x0000000082200000,0x0000000083684300,0x0000000087600000)
 Metaspace       used 15389K, capacity 15602K, committed 15744K, reserved 1062912K
  class space    used 1830K, capacity 1915K, committed 1920K, reserved 1048576K
Event: 2.043 GC heap after
Heap after GC invocations=5 (full 0):
 PSYoungGen      total 70656K, used 5120K [0x00000000d6100000, 0x00000000dab00000, 0x0000000100000000)
  eden space 65536K, 0% used [0x00000000d6100000,0x00000000d6100000,0x00000000da100000)
  from space 5120K, 100% used [0x00000000da100000,0x00000000da600000,0x00000000da600000)
  to   space 5120K, 0% used [0x00000000da600000,0x00000000da600000,0x00000000dab00000)
 ParOldGen       total 86016K, used 28345K [0x0000000082200000, 0x0000000087600000, 0x00000000d6100000)
  object space 86016K, 32% used [0x0000000082200000,0x0000000083dae738,0x0000000087600000)
 Metaspace       used 15389K, capacity 15602K, committed 15744K, reserved 1062912K
  class space    used 1830K, capacity 1915K, committed 1920K, reserved 1048576K
}
Event: 2.693 GC heap before
{Heap before GC invocations=6 (full 0):
 PSYoungGen      total 70656K, used 70656K [0x00000000d6100000, 0x00000000dab00000, 0x0000000100000000)
  eden space 65536K, 100% used [0x00000000d6100000,0x00000000da100000,0x00000000da100000)
  from space 5120K, 100% used [0x00000000da100000,0x00000000da600000,0x00000000da600000)
  to   space 5120K, 0% used [0x00000000da600000,0x00000000da600000,0x00000000dab00000)
 ParOldGen       total 86016K, used 28345K [0x0000000082200000, 0x0000000087600000, 0x00000000d6100000)
  object space 86016K, 32% used [0x0000000082200000,0x0000000083dae738,0x0000000087600000)
 Metaspace       used 17703K, capacity 18150K, committed 18304K, reserved 1064960K
  class space    used 2032K, capacity 2162K, committed 2176K, reserved 1048576K
Event: 2.708 GC heap after
Heap after GC invocations=6 (full 0):
 PSYoungGen      total 70656K, used 5120K [0x00000000d6100000, 0x00000000dab00000, 0x0000000100000000)
  eden space 65536K, 0% used [0x00000000d6100000,0x00000000d6100000,0x00000000da100000)
  from space 5120K, 100% used [0x00000000da600000,0x00000000dab00000,0x00000000dab00000)
  to   space 5120K, 0% used [0x00000000da100000,0x00000000da100000,0x00000000da600000)
 ParOldGen       total 86016K, used 33892K [0x0000000082200000, 0x0000000087600000, 0x00000000d6100000)
  object space 86016K, 39% used [0x0000000082200000,0x0000000084319348,0x0000000087600000)
 Metaspace       used 17703K, capacity 18150K, committed 18304K, reserved 1064960K
  class space    used 2032K, capacity 2162K, committed 2176K, reserved 1048576K
}

Deoptimization events (10 events):
Event: 2.858 Thread 0x00000000030fe000 Uncommon trap: reason=unstable_if action=reinterpret pc=0x00000000039d638c method=org.eclipse.sisu.plexus.RealmFilteredBeans$FilteredItr.hasNext()Z @ 57
Event: 2.957 Thread 0x00000000030fe000 Uncommon trap: reason=unstable_if action=reinterpret pc=0x0000000003a7b71c method=org.codehaus.plexus.interpolation.StringSearchInterpolator.interpolate(Ljava/lang/String;Lorg/codehaus/plexus/interpolation/RecursionInterceptor;Ljava/util/Set;)Ljava/lang/S
Event: 2.979 Thread 0x00000000030fe000 Uncommon trap: reason=unstable_if action=reinterpret pc=0x0000000003a5662c method=java.util.regex.Pattern$Curly.match(Ljava/util/regex/Matcher;ILjava/lang/CharSequence;)Z @ 45
Event: 2.979 Thread 0x00000000030fe000 Uncommon trap: reason=class_check action=maybe_recompile pc=0x00000000038afca4 method=org.codehaus.plexus.interpolation.MapBasedValueSource.getValue(Ljava/lang/String;)Ljava/lang/Object; @ 16
Event: 2.979 Thread 0x00000000030fe000 Uncommon trap: reason=class_check action=maybe_recompile pc=0x00000000038afca4 method=org.codehaus.plexus.interpolation.MapBasedValueSource.getValue(Ljava/lang/String;)Ljava/lang/Object; @ 16
Event: 2.979 Thread 0x00000000030fe000 Uncommon trap: reason=class_check action=maybe_recompile pc=0x00000000038afca4 method=org.codehaus.plexus.interpolation.MapBasedValueSource.getValue(Ljava/lang/String;)Ljava/lang/Object; @ 16
Event: 2.982 Thread 0x00000000030fe000 Uncommon trap: reason=unstable_if action=reinterpret pc=0x0000000003b51b14 method=org.apache.maven.model.validation.DefaultModelValidator.validateEffectiveDependency(Lorg/apache/maven/model/building/ModelProblemCollector;Lorg/apache/maven/model/Dependency
Event: 3.007 Thread 0x00000000030fe000 Uncommon trap: reason=class_check action=maybe_recompile pc=0x00000000038afca4 method=org.codehaus.plexus.interpolation.MapBasedValueSource.getValue(Ljava/lang/String;)Ljava/lang/Object; @ 16
Event: 3.045 Thread 0x00000000030fe000 Uncommon trap: reason=unstable_if action=reinterpret pc=0x0000000003b97b38 method=org.codehaus.plexus.util.xml.pull.MXParser.nextImpl()I @ 280
Event: 3.183 Thread 0x00000000030fe000 Uncommon trap: reason=unstable_if action=reinterpret pc=0x0000000003da49b4 method=java.util.jar.Manifest$FastInputStream.readLine([BII)I @ 87

Internal exceptions (10 events):
Event: 1.853 Thread 0x00000000030fe000 Implicit null exception at 0x0000000003af7e37 to 0x0000000003af8081
Event: 1.866 Thread 0x00000000030fe000 Implicit null exception at 0x00000000035b8d15 to 0x00000000035b8f11
Event: 1.866 Thread 0x00000000030fe000 Implicit null exception at 0x000000000353026f to 0x00000000035302d9
Event: 1.907 Thread 0x00000000030fe000 Implicit null exception at 0x00000000038939c5 to 0x0000000003893c59
Event: 1.908 Thread 0x00000000030fe000 Implicit null exception at 0x00000000037d3e08 to 0x00000000037d45c1
Event: 1.908 Thread 0x00000000030fe000 Implicit null exception at 0x00000000035639bb to 0x0000000003563f89
Event: 1.916 Thread 0x00000000030fe000 Implicit null exception at 0x00000000039b818f to 0x00000000039b8691
Event: 2.236 Thread 0x00000000030fe000 Implicit null exception at 0x0000000003b666a8 to 0x0000000003b67865
Event: 2.455 Thread 0x00000000030fe000 Implicit null exception at 0x0000000003cf3b24 to 0x0000000003cf4a76
Event: 2.629 Thread 0x00000000030fe000 Exception <a 'java/lang/NoSuchMethodError': org.apache.maven.execution.MavenExecutionRequest.getFailureBehavior()Ljava/lang/String;> (0x00000000d98a3c70) thrown at [C:\re\workspace\8-2-build-windows-amd64-cygwin\jdk8u121\8372\hotspot\src\share\vm\interpre

Events (10 events):
Event: 3.228 loading class org/apache/maven/shared/transfer/project/install/ProjectInstaller
Event: 3.228 loading class org/apache/maven/shared/transfer/project/install/ProjectInstaller done
Event: 3.228 loading class org/apache/maven/shared/transfer/repository/RepositoryManager
Event: 3.228 loading class org/apache/maven/shared/transfer/repository/RepositoryManager done
Event: 3.228 loading class org/apache/maven/shared/transfer/repository/RepositoryManager
Event: 3.228 loading class org/apache/maven/shared/transfer/repository/RepositoryManager done
Event: 3.232 loading class org/apache/maven/shared/dependency/graph/DependencyGraphBuilder
Event: 3.232 loading class org/apache/maven/shared/dependency/graph/DependencyGraphBuilder done
Event: 3.232 loading class org/apache/maven/shared/dependency/graph/DependencyGraphBuilder
Event: 3.232 loading class org/apache/maven/shared/dependency/graph/DependencyGraphBuilder done


Dynamic libraries:
0x00007ff7c30d0000 - 0x00007ff7c3107000 	C:\Program Files\Java\jdk1.8.0_121\bin\javaw.exe
0x00007ffa46a70000 - 0x00007ffa46c51000 	C:\Windows\SYSTEM32\ntdll.dll
0x00007ffa46390000 - 0x00007ffa46441000 	C:\Windows\System32\KERNEL32.DLL
0x00007ffa437d0000 - 0x00007ffa43a43000 	C:\Windows\System32\KERNELBASE.dll
0x00007ffa2ad10000 - 0x00007ffa2aec2000 	C:\Windows\system32\ctiuser.dll
0x00007ffa468b0000 - 0x00007ffa46951000 	C:\Windows\System32\ADVAPI32.dll
0x00007ffa46970000 - 0x00007ffa46a0e000 	C:\Windows\System32\msvcrt.dll
0x00007ffa44340000 - 0x00007ffa4439b000 	C:\Windows\System32\sechost.dll
0x00007ffa46640000 - 0x00007ffa46764000 	C:\Windows\System32\RPCRT4.dll
0x00007ffa461f0000 - 0x00007ffa46381000 	C:\Windows\System32\USER32.dll
0x00007ffa42ff0000 - 0x00007ffa43010000 	C:\Windows\System32\win32u.dll
0x00007ffa46a10000 - 0x00007ffa46a38000 	C:\Windows\System32\GDI32.dll
0x00007ffa43d40000 - 0x00007ffa43ed1000 	C:\Windows\System32\gdi32full.dll
0x00007ffa43a50000 - 0x00007ffa43aef000 	C:\Windows\System32\msvcp_win.dll
0x00007ffa42ef0000 - 0x00007ffa42fe8000 	C:\Windows\System32\ucrtbase.dll
0x00007ffa318b0000 - 0x00007ffa31b19000 	C:\Windows\WinSxS\amd64_microsoft.windows.common-controls_6595b64144ccf1df_6.0.17134.1130_none_d3ff42617c90becf\COMCTL32.dll
0x00007ffa443a0000 - 0x00007ffa446c1000 	C:\Windows\System32\combase.dll
0x00007ffa42e70000 - 0x00007ffa42ee9000 	C:\Windows\System32\bcryptPrimitives.dll
0x00007ffa44330000 - 0x00007ffa44338000 	C:\Windows\System32\PSAPI.DLL
0x00007ffa42db0000 - 0x00007ffa42dba000 	C:\Windows\System32\FLTLIB.DLL
0x00007ffa46880000 - 0x00007ffa468ad000 	C:\Windows\System32\IMM32.DLL
0x0000000055140000 - 0x0000000055212000 	C:\Program Files\Java\jdk1.8.0_121\jre\bin\msvcr100.dll
0x00000000548a0000 - 0x000000005513b000 	C:\Program Files\Java\jdk1.8.0_121\jre\bin\server\jvm.dll
0x00007ffa3db90000 - 0x00007ffa3db99000 	C:\Windows\SYSTEM32\WSOCK32.dll
0x00007ffa45ef0000 - 0x00007ffa45f5c000 	C:\Windows\System32\WS2_32.dll
0x00007ffa3a890000 - 0x00007ffa3a8b3000 	C:\Windows\SYSTEM32\WINMM.dll
0x00007ffa31bc0000 - 0x00007ffa31bca000 	C:\Windows\SYSTEM32\VERSION.dll
0x00007ffa3a860000 - 0x00007ffa3a88a000 	C:\Windows\SYSTEM32\WINMMBASE.dll
0x00007ffa42e20000 - 0x00007ffa42e69000 	C:\Windows\System32\cfgmgr32.dll
0x0000000054890000 - 0x000000005489f000 	C:\Program Files\Java\jdk1.8.0_121\jre\bin\verify.dll
0x0000000054860000 - 0x0000000054889000 	C:\Program Files\Java\jdk1.8.0_121\jre\bin\java.dll
0x0000000054840000 - 0x0000000054856000 	C:\Program Files\Java\jdk1.8.0_121\jre\bin\zip.dll
0x00007ffa449d0000 - 0x00007ffa45e15000 	C:\Windows\System32\SHELL32.dll
0x00007ffa46770000 - 0x00007ffa46819000 	C:\Windows\System32\shcore.dll
0x00007ffa430c0000 - 0x00007ffa437d0000 	C:\Windows\System32\windows.storage.dll
0x00007ffa465e0000 - 0x00007ffa46631000 	C:\Windows\System32\shlwapi.dll
0x00007ffa42dc0000 - 0x00007ffa42dd1000 	C:\Windows\System32\kernel.appcore.dll
0x00007ffa42e00000 - 0x00007ffa42e1f000 	C:\Windows\System32\profapi.dll
0x00007ffa42d60000 - 0x00007ffa42dac000 	C:\Windows\System32\powrprof.dll
0x0000000054820000 - 0x000000005483a000 	C:\Program Files\Java\jdk1.8.0_121\jre\bin\net.dll
0x00007ffa42580000 - 0x00007ffa425e6000 	C:\Windows\system32\mswsock.dll
0x0000000054800000 - 0x0000000054811000 	C:\Program Files\Java\jdk1.8.0_121\jre\bin\nio.dll
0x00000000547f0000 - 0x00000000547fd000 	C:\Program Files\Java\jdk1.8.0_121\jre\bin\management.dll
0x00007ffa2ff00000 - 0x00007ffa2ff16000 	C:\Windows\system32\napinsp.dll
0x00007ffa2fec0000 - 0x00007ffa2feda000 	C:\Windows\system32\pnrpnsp.dll
0x00007ffa3ed90000 - 0x00007ffa3eda9000 	C:\Windows\system32\NLAapi.dll
0x00007ffa42310000 - 0x00007ffa423ce000 	C:\Windows\SYSTEM32\DNSAPI.dll
0x00007ffa46960000 - 0x00007ffa46968000 	C:\Windows\System32\NSI.dll
0x00007ffa422d0000 - 0x00007ffa42308000 	C:\Windows\SYSTEM32\IPHLPAPI.DLL
0x00007ffa2fd20000 - 0x00007ffa2fd2e000 	C:\Windows\System32\winrnr.dll
0x00007ffa3d770000 - 0x00007ffa3d77a000 	C:\Windows\System32\rasadhlp.dll
0x00007ffa3f570000 - 0x00007ffa3f5e2000 	C:\Windows\System32\fwpuclnt.dll
0x00007ffa42860000 - 0x00007ffa42885000 	C:\Windows\SYSTEM32\bcrypt.dll

VM Arguments:
jvm_args: -Dmaven.home=EMBEDDED -Dclassworlds.conf=D:\wks_saga\.metadata\.plugins\org.eclipse.m2e.launching\launches\m2conf5320816633477314218.tmp -Dmaven.multiModuleProjectDirectory=D:\Distributed Transaction Mgmt Micro\saga-pattern-axon-spring-boot-sample-master\saga-pattern-axon-spring-boot-sample-master -Dfile.encoding=Cp1252 
java_command: org.codehaus.plexus.classworlds.launcher.Launcher -B package spring-boot:run -pl shipping-service --also-make
java_class_path (initial): C:\Users\momalhotra\.p2\pool\plugins\org.eclipse.m2e.maven.runtime_1.8.3.20180227-2135\jars\plexus-classworlds-2.5.2.jar
Launcher Type: SUN_STANDARD

Environment Variables:
PATH=C:/Program Files/Java/jre1.8.0_121/bin/server;C:/Program Files/Java/jre1.8.0_121/bin;C:/Program Files/Java/jre1.8.0_121/lib/amd64;C:\ProgramData\Oracle\Java\javapath;C:\Program Files (x86)\Intel\Intel(R) Management Engine Components\iCLS\;C:\Program Files\Intel\Intel(R) Management Engine Components\iCLS\;C:\Windows\system32;C:\Windows;C:\Windows\System32\Wbem;C:\Windows\System32\WindowsPowerShell\v1.0\;C:\Windows\System32\OpenSSH\;C:\Program Files (x86)\Intel\Intel(R) Management Engine Components\DAL;C:\Program Files\Intel\Intel(R) Management Engine Components\DAL;C:\Program Files (x86)\Intel\Intel(R) Management Engine Components\IPT;C:\Program Files\Intel\Intel(R) Management Engine Components\IPT;C:\Program Files\TortoiseSVN\bin;C:\Program Files\nodejs\;C:\Program Files\Git\cmd;C:\Program Files\Java\jdk1.6.0_161\jre\bin\server\jvm.dll;D:\sqldeveloper\jdk\jre\bin\server;D:\sqldeveloper\jdk\bin;D:\sqldeveloper\jdk\jre\bin\client\jvm.dll;C:\Program Files\Java\jdk1.8.0_121\bin;C:\Program Files\Java\jdk1.6.0_161\bin;C:\Program Files\Java\jre1.8.0_121\bin;C:\Users\momalhotra\AppData\Roaming\npm\;C:\Program Files\Java\jdk1.7.0_231\bin;C:\Program Files\Java\jdk1.7.0_231\jre\bin;C:\Users\momalhotra\AppData\Local\Microsoft\WindowsApps;;D:\Microsoft VS Code\bin;C:\Users\momalhotra\Desktop;
USERNAME=momalhotra
OS=Windows_NT
PROCESSOR_IDENTIFIER=Intel64 Family 6 Model 158 Stepping 9, GenuineIntel



---------------  S Y S T E M  ---------------

OS: Windows 10.0 , 64 bit Build 17134 (10.0.17134.753)

CPU:total 8 (4 cores per cpu, 2 threads per core) family 6 model 158 stepping 9, cmov, cx8, fxsr, mmx, sse, sse2, sse3, ssse3, sse4.1, sse4.2, popcnt, avx, avx2, aes, clmul, erms, rtm, 3dnowpref, lzcnt, ht, tsc, tscinvbit, bmi1, bmi2, adx

Memory: 4k page, physical 8249036k(492056k free), swap 26474696k(6584k free)

vm_info: Java HotSpot(TM) 64-Bit Server VM (25.121-b13) for windows-amd64 JRE (1.8.0_121-b13), built on Dec 12 2016 18:21:36 by "java_re" with MS VC++ 10.0 (VS2010)

time: Mon Nov 25 15:38:01 2019
elapsed time: 3 seconds (0d 0h 0m 3s)

